오후 1:24:28  [main] 	Initializing Control Panel
오후 1:24:28  [main] 	Windows Version:  Enterprise  64-bit
오후 1:24:28  [main] 	XAMPP Version: 7.3.4
오후 1:24:28  [main] 	Control Panel Version: 3.2.3  [ Compiled: Mar 7th 2019 ]
오후 1:24:28  [main] 	You are not running with administrator rights! This will work for
오후 1:24:28  [main] 	most application stuff but whenever you do something with services
오후 1:24:28  [main] 	there will be a security dialogue or things will break! So think 
오후 1:24:28  [main] 	about running this application with administrator rights!
오후 1:24:28  [main] 	XAMPP Installation Directory: "i:\capstonedesign\server\xampp\"
오후 1:24:28  [main] 	Checking for prerequisites
오후 1:24:28  [main] 	All prerequisites found
오후 1:24:28  [main] 	Initializing Modules
오후 1:24:28  [main] 	Starting Check-Timer
오후 1:24:28  [main] 	Control Panel Ready
오후 1:27:07  [Apache] 	Attempting to start Apache app...
오후 1:27:08  [Apache] 	Status change detected: running
오후 1:27:23  [Apache] 	Attempting to stop Apache (PID: 3740)
오후 1:27:23  [Apache] 	Attempting to stop Apache (PID: 13144)
오후 1:27:23  [Apache] 	Status change detected: stopped
오후 1:36:34  [Apache] 	Status change detected: running
오후 1:36:34  [mysql] 	Status change detected: running
오후 1:36:41  [Apache] 	Status change detected: stopped
오후 1:36:50  [main] 	Deinitializing Modules
오후 1:36:50  [main] 	Deinitializing Control Panel

오후 1:36:53  [main] 	Initializing Control Panel
오후 1:36:53  [main] 	Windows Version:  Enterprise  64-bit
오후 1:36:53  [main] 	XAMPP Version: 7.3.4
오후 1:36:53  [main] 	Control Panel Version: 3.2.3  [ Compiled: Mar 7th 2019 ]
오후 1:36:53  [main] 	You are not running with administrator rights! This will work for
오후 1:36:53  [main] 	most application stuff but whenever you do something with services
오후 1:36:53  [main] 	there will be a security dialogue or things will break! So think 
오후 1:36:53  [main] 	about running this application with administrator rights!
오후 1:36:53  [main] 	XAMPP Installation Directory: "i:\capstonedesign\server\xampp\"
오후 1:36:53  [main] 	Checking for prerequisites
오후 1:36:53  [main] 	All prerequisites found
오후 1:36:53  [main] 	Initializing Modules
오후 1:36:53  [mysql] 	XAMPP MySQL is already running on port 3306
오후 1:36:53  [main] 	Starting Check-Timer
오후 1:36:53  [main] 	Control Panel Ready
오후 1:36:57  [Apache] 	Attempting to start Apache app...
오후 1:36:58  [Apache] 	Status change detected: running
오후 1:43:13  [main] 	Deinitializing Modules
오후 1:43:13  [main] 	Deinitializing Control Panel

오전 1:01:21  [main] 	Initializing Control Panel
오전 1:01:21  [main] 	Windows Version:  Enterprise  64-bit
오전 1:01:21  [main] 	XAMPP Version: 7.3.4
오전 1:01:21  [main] 	Control Panel Version: 3.2.3  [ Compiled: Mar 7th 2019 ]
오전 1:01:21  [main] 	You are not running with administrator rights! This will work for
오전 1:01:21  [main] 	most application stuff but whenever you do something with services
오전 1:01:21  [main] 	there will be a security dialogue or things will break! So think 
오전 1:01:21  [main] 	about running this application with administrator rights!
오전 1:01:21  [main] 	XAMPP Installation Directory: "i:\capstonedesign\server\xampp\"
오전 1:01:21  [main] 	Checking for prerequisites
오전 1:01:21  [main] 	All prerequisites found
오전 1:01:21  [main] 	Initializing Modules
오전 1:01:21  [Apache] 	XAMPP Apache is already running on port 80
오전 1:01:21  [Apache] 	XAMPP Apache is already running on port 443
오전 1:01:22  [mysql] 	XAMPP MySQL is already running on port 3306
오전 1:01:22  [main] 	Starting Check-Timer
오전 1:01:22  [main] 	Control Panel Ready
오후 6:15:08  [main] 	Deinitializing Modules
오후 6:15:08  [main] 	Deinitializing Control Panel

오후 11:59:40  [main] 	Initializing Control Panel
오후 11:59:40  [main] 	Windows Version:  Enterprise  64-bit
오후 11:59:40  [main] 	XAMPP Version: 7.3.4
오후 11:59:40  [main] 	Control Panel Version: 3.2.3  [ Compiled: Mar 7th 2019 ]
오후 11:59:40  [main] 	You are not running with administrator rights! This will work for
오후 11:59:40  [main] 	most application stuff but whenever you do something with services
오후 11:59:40  [main] 	there will be a security dialogue or things will break! So think 
오후 11:59:40  [main] 	about running this application with administrator rights!
오후 11:59:40  [main] 	XAMPP Installation Directory: "i:\capstonedesign\server\xampp\"
오후 11:59:40  [main] 	Checking for prerequisites
오후 11:59:41  [main] 	All prerequisites found
오후 11:59:41  [main] 	Initializing Modules
오후 11:59:41  [main] 	Starting Check-Timer
오후 11:59:41  [main] 	Control Panel Ready
오후 11:59:46  [Apache] 	Attempting to start Apache app...
오후 11:59:46  [Apache] 	Status change detected: running
오후 11:59:47  [mysql] 	Attempting to start MySQL app...
오후 11:59:48  [mysql] 	Status change detected: running
오후 3:18:11  [main] 	Deinitializing Modules
오후 3:18:11  [main] 	Deinitializing Control Panel

오전 9:51:38  [main] 	Initializing Control Panel
오전 9:51:38  [main] 	Windows Version:  Enterprise  64-bit
오전 9:51:38  [main] 	XAMPP Version: 7.3.4
오전 9:51:38  [main] 	Control Panel Version: 3.2.3  [ Compiled: Mar 7th 2019 ]
오전 9:51:38  [main] 	You are not running with administrator rights! This will work for
오전 9:51:38  [main] 	most application stuff but whenever you do something with services
오전 9:51:38  [main] 	there will be a security dialogue or things will break! So think 
오전 9:51:38  [main] 	about running this application with administrator rights!
오전 9:51:38  [main] 	XAMPP Installation Directory: "i:\capstonedesign\server\xampp\"
오전 9:51:38  [main] 	Checking for prerequisites
오전 9:51:39  [main] 	All prerequisites found
오전 9:51:39  [main] 	Initializing Modules
오전 9:51:40  [main] 	Starting Check-Timer
오전 9:51:40  [main] 	Control Panel Ready
오전 9:51:58  [mysql] 	Status change detected: running
오전 9:52:13  [Apache] 	Status change detected: running
오전 9:52:44  [Tomcat] 	Status change detected: running
오전 9:56:09  [main] 	Deinitializing Modules
오전 9:56:09  [main] 	Deinitializing Control Panel

오전 9:51:38  [main] 	Initializing Control Panel
오전 9:51:38  [main] 	Windows Version:  Enterprise  64-bit
오전 9:51:38  [main] 	XAMPP Version: 7.3.4
오전 9:51:38  [main] 	Control Panel Version: 3.2.3  [ Compiled: Mar 7th 2019 ]
오전 9:51:38  [main] 	You are not running with administrator rights! This will work for
오전 9:51:38  [main] 	most application stuff but whenever you do something with services
오전 9:51:38  [main] 	there will be a security dialogue or things will break! So think 
오전 9:51:38  [main] 	about running this application with administrator rights!
오전 9:51:38  [main] 	XAMPP Installation Directory: "i:\capstonedesign\server\xampp\"
오전 9:51:38  [main] 	Checking for prerequisites
오전 9:51:39  [main] 	All prerequisites found
오전 9:51:39  [main] 	Initializing Modules
오전 9:51:40  [main] 	Starting Check-Timer
오전 9:51:40  [main] 	Control Panel Ready
오전 9:51:56  [mysql] 	Attempting to start MySQL app...
오전 9:51:57  [mysql] 	Status change detected: running
오전 9:52:13  [Apache] 	Status change detected: running
오전 9:52:44  [Tomcat] 	Status change detected: running
오전 9:56:12  [main] 	Deinitializing Modules
오전 9:56:12  [main] 	Deinitializing Control Panel

오전 9:51:38  [main] 	Initializing Control Panel
오전 9:51:38  [main] 	Windows Version:  Enterprise  64-bit
오전 9:51:38  [main] 	XAMPP Version: 7.3.4
오전 9:51:38  [main] 	Control Panel Version: 3.2.3  [ Compiled: Mar 7th 2019 ]
오전 9:51:38  [main] 	You are not running with administrator rights! This will work for
오전 9:51:38  [main] 	most application stuff but whenever you do something with services
오전 9:51:38  [main] 	there will be a security dialogue or things will break! So think 
오전 9:51:38  [main] 	about running this application with administrator rights!
오전 9:51:38  [main] 	XAMPP Installation Directory: "i:\capstonedesign\server\xampp\"
오전 9:51:38  [main] 	Checking for prerequisites
오전 9:51:39  [main] 	All prerequisites found
오전 9:51:39  [main] 	Initializing Modules
오전 9:51:40  [main] 	Starting Check-Timer
오전 9:51:40  [main] 	Control Panel Ready
오전 9:51:58  [mysql] 	Status change detected: running
오전 9:52:13  [Apache] 	Attempting to start Apache app...
오전 9:52:13  [Apache] 	Status change detected: running
오전 9:52:22  [Tomcat] 	Attempting to start Tomcat app...
오전 9:52:44  [Tomcat] 	Status change detected: running
오전 9:56:16  [main] 	Deinitializing Modules
오전 9:56:16  [main] 	Deinitializing Control Panel

오후 3:59:01  [main] 	Initializing Control Panel
오후 3:59:01  [main] 	Windows Version:  Enterprise  64-bit
오후 3:59:01  [main] 	XAMPP Version: 7.3.4
오후 3:59:01  [main] 	Control Panel Version: 3.2.3  [ Compiled: Mar 7th 2019 ]
오후 3:59:01  [main] 	You are not running with administrator rights! This will work for
오후 3:59:01  [main] 	most application stuff but whenever you do something with services
오후 3:59:01  [main] 	there will be a security dialogue or things will break! So think 
오후 3:59:01  [main] 	about running this application with administrator rights!
오후 3:59:01  [main] 	XAMPP Installation Directory: "i:\capstonedesign\server\xampp\"
오후 3:59:01  [main] 	Checking for prerequisites
오후 3:59:02  [main] 	All prerequisites found
오후 3:59:02  [main] 	Initializing Modules
오후 3:59:02  [Apache] 	XAMPP Apache is already running on port 80
오후 3:59:02  [Apache] 	XAMPP Apache is already running on port 443
오후 3:59:02  [mysql] 	XAMPP MySQL is already running on port 3306
오후 3:59:02  [main] 	Starting Check-Timer
오후 3:59:02  [main] 	Control Panel Ready
오후 2:40:59  [main] 	Deinitializing Modules
오후 2:40:59  [main] 	Deinitializing Control Panel

오후 3:53:24  [main] 	Initializing Control Panel
오후 3:53:24  [main] 	Windows Version:  Enterprise  64-bit
오후 3:53:24  [main] 	XAMPP Version: 7.3.4
오후 3:53:24  [main] 	Control Panel Version: 3.2.3  [ Compiled: Mar 7th 2019 ]
오후 3:53:24  [main] 	You are not running with administrator rights! This will work for
오후 3:53:24  [main] 	most application stuff but whenever you do something with services
오후 3:53:24  [main] 	there will be a security dialogue or things will break! So think 
오후 3:53:24  [main] 	about running this application with administrator rights!
오후 3:53:24  [main] 	XAMPP Installation Directory: "c:\users\ljh\documents\github\capstonecoin\server\xampp\"
오후 3:53:24  [main] 	Checking for prerequisites
오후 3:53:25  [main] 	All prerequisites found
오후 3:53:25  [main] 	Initializing Modules
오후 3:53:25  [mysql] 	XAMPP MySQL is already running on port 3306
오후 3:53:25  [main] 	Starting Check-Timer
오후 3:53:25  [main] 	Control Panel Ready
오후 3:53:28  [Apache] 	Attempting to start Apache app...
오후 3:53:28  [Apache] 	Status change detected: running
오후 4:28:49  [Apache] 	Attempting to stop Apache (PID: 16408)
오후 4:28:49  [Apache] 	Attempting to stop Apache (PID: 13684)
오후 4:28:49  [Apache] 	Status change detected: stopped
오후 4:28:50  [Apache] 	Attempting to start Apache app...
오후 4:28:50  [Apache] 	Status change detected: running
오후 4:32:31  [main] 	Deinitializing Modules
오후 4:32:31  [main] 	Deinitializing Control Panel

